\BOOKMARK [0][-]{chapter.1}{\376\377\227\000\154\102\122\006\147\220}{}% 1
\BOOKMARK [1][-]{section.1.1}{\376\377\230\171\166\356\200\314\146\157\116\016\141\017\116\111}{chapter.1}% 2
\BOOKMARK [2][-]{subsection.1.1.1}{\376\377\200\314\146\157}{section.1.1}% 3
\BOOKMARK [2][-]{subsection.1.1.2}{\376\377\166\356\166\204\116\016\141\017\116\111}{section.1.1}% 4
\BOOKMARK [1][-]{section.1.2}{\376\377\122\237\200\375\227\000\154\102\122\006\147\220}{chapter.1}% 5
\BOOKMARK [2][-]{subsection.1.2.1}{\376\377\127\060\123\072\145\160\143\156\173\241\164\006}{section.1.2}% 6
\BOOKMARK [2][-]{subsection.1.2.2}{\376\377\145\160\143\156\123\357\211\306\123\026}{section.1.2}% 7
\BOOKMARK [2][-]{subsection.1.2.3}{\376\377\165\253\140\305\152\041\142\337\116\016\230\204\155\113}{section.1.2}% 8
\BOOKMARK [1][-]{section.1.3}{\376\377\227\136\122\237\200\375\227\000\154\102}{chapter.1}% 9
\BOOKMARK [0][-]{chapter.2}{\376\377\151\202\211\201\213\276\213\241}{}% 10
\BOOKMARK [1][-]{section.2.1}{\376\377\174\373\176\337\140\073\117\123\147\266\147\204}{chapter.2}% 11
\BOOKMARK [2][-]{subsection.2.1.1}{\376\377\152\041\127\127\122\022\122\006\116\016\200\114\215\043}{section.2.1}% 12
\BOOKMARK [1][-]{section.2.2}{\376\377\174\373\176\337\135\345\117\134\155\101\172\013}{chapter.2}% 13
\BOOKMARK [2][-]{subsection.2.2.1}{\376\377\116\073\211\201\116\032\122\241\155\101\172\013}{section.2.2}% 14
\BOOKMARK [0][-]{chapter.3}{\376\377\172\013\136\217\213\276\213\241}{}% 15
\BOOKMARK [1][-]{section.3.1}{\376\377\150\070\137\303\174\173\176\323\147\204\213\276\213\241}{chapter.3}% 16
\BOOKMARK [2][-]{subsection.3.1.1}{\376\377\121\150\134\100\145\160\143\156\173\241\164\006\126\150}{section.3.1}% 17
\BOOKMARK [2][-]{subsection.3.1.2}{\376\377\127\060\123\072\133\236\117\123\174\173}{section.3.1}% 18
\BOOKMARK [2][-]{subsection.3.1.3}{\376\377\117\040\147\323\165\305\152\041\127\213\174\173}{section.3.1}% 19
\BOOKMARK [1][-]{section.3.2}{\376\377\000S\000I\000R\000\040\152\041\127\213\145\160\133\146\123\237\164\006\116\016\133\236\163\260}{chapter.3}% 20
\BOOKMARK [2][-]{subsection.3.2.1}{\376\377\137\256\122\006\145\271\172\013\152\041\127\213}{section.3.2}% 21
\BOOKMARK [2][-]{subsection.3.2.2}{\376\377\145\160\120\074\211\343\173\227\154\325\000\040\000\050\153\047\142\311\154\325\000\051}{section.3.2}% 22
\BOOKMARK [1][-]{section.3.3}{\376\377\123\302\145\160\201\352\220\002\136\224\142\337\124\010\173\227\154\325}{chapter.3}% 23
\BOOKMARK [0][-]{chapter.4}{\376\377\214\003\213\325\122\006\147\220}{}% 24
\BOOKMARK [1][-]{section.4.1}{\376\377\136\070\211\301\225\356\230\230\116\016\211\343\121\263}{chapter.4}% 25
\BOOKMARK [2][-]{subsection.4.1.1}{\376\377\225\356\230\230\116\000\377\032\000I\000m\000G\000u\000i\000\040\143\247\116\366\116\244\116\222\121\262\172\201}{section.4.1}% 26
\BOOKMARK [2][-]{subsection.4.1.2}{\376\377\225\356\230\230\116\214\377\032\000S\000I\000R\152\041\127\213\145\160\120\074\227\007\203\141\116\016\156\242\121\372}{section.4.1}% 27
\BOOKMARK [2][-]{subsection.4.1.3}{\376\377\225\356\230\230\116\011\377\032\116\055\145\207\133\127\173\046\146\076\171\072\116\161\170\001}{section.4.1}% 28
\BOOKMARK [2][-]{subsection.4.1.4}{\376\377\225\356\230\230\126\333\377\032\121\205\133\130\154\304\157\017\116\016\215\104\156\220\173\241\164\006}{section.4.1}% 29
\BOOKMARK [0][-]{chapter.5}{\376\377\155\113\213\325\176\323\147\234}{}% 30
\BOOKMARK [1][-]{section.5.1}{\376\377\122\237\200\375\155\113\213\325\165\050\117\213}{chapter.5}% 31
\BOOKMARK [1][-]{section.5.2}{\376\377\165\114\227\142\134\125\171\072}{chapter.5}% 32
\BOOKMARK [2][-]{subsection.5.2.1}{\376\377\174\373\176\337\231\226\230\165\000\040\000\050\116\352\210\150\166\330\000\051}{section.5.2}% 33
\BOOKMARK [2][-]{subsection.5.2.2}{\376\377\145\160\143\156\173\241\164\006\116\016\137\125\121\145}{section.5.2}% 34
\BOOKMARK [2][-]{subsection.5.2.3}{\376\377\230\204\155\113\176\323\147\234\134\125\171\072}{section.5.2}% 35
\BOOKMARK [2][-]{subsection.5.2.4}{\376\377\123\206\123\362\145\160\143\156\117\356\153\143}{section.5.2}% 36
\BOOKMARK [1][-]{section.5.3}{\376\377\155\113\213\325\140\073\176\323}{chapter.5}% 37
\BOOKMARK [0][-]{chapter.6}{\376\377\140\073\176\323\116\016\122\006\147\220}{}% 38
\BOOKMARK [1][-]{section.6.1}{\376\377\230\171\166\356\140\073\176\323}{chapter.6}% 39
\BOOKMARK [1][-]{section.6.2}{\376\377\116\015\215\263\116\016\145\071\217\333}{chapter.6}% 40
\BOOKMARK [2][-]{subsection.6.2.1}{\376\377\0001\000.\000\040\152\041\127\213\174\276\136\246\166\204\143\320\123\107\000\040\000\050\000S\000E\000I\000R\000\040\152\041\127\213\000\051}{section.6.2}% 41
\BOOKMARK [2][-]{subsection.6.2.2}{\376\377\0002\000.\000\040\145\160\143\156\143\001\116\105\123\026\000\040\000\050\000D\000a\000t\000a\000b\000a\000s\000e\000\040\000I\000n\000t\000e\000g\000r\000a\000t\000i\000o\000n\000\051}{section.6.2}% 42
\BOOKMARK [2][-]{subsection.6.2.3}{\376\377\0003\000.\000\040\131\015\147\102\177\121\176\334\117\040\144\255\152\041\127\213\000\040\000\050\000N\000e\000t\000w\000o\000r\000k\000\040\000M\000o\000d\000e\000l\000\051}{section.6.2}% 43
\BOOKMARK [0][-]{chapter*.10}{\376\377\226\104\137\125\377\032\156\220\172\013\136\217}{}% 44
